
2024-11-05 21:40:48 info: Servidor ejecutándose en http://localhost:3000
2024-11-05 21:47:59 info:     Servidor ejecutándose en http://localhost:3000
2024-11-05 21:50:49 info:     Servidor ejecutándose en http://localhost:3000
2024-11-05 21:51:47 info:     Servidor ejecutándose en http://localhost:3000
2024-11-05 21:51:47 error:     Probando mensaje de rror
2024-11-05 21:52:31 info:  Servidor ejecutándose en http://localhost:3000
2024-11-05 21:52:31 error:  Probando mensaje de rror
2024-11-05 22:27:00 info:  Servidor ejecutándose en http://localhost:3000
2024-11-05 22:31:08 info:  Servidor ejecutándose en http://localhost:3000
2024-11-05 22:36:21 info:  Servidor ejecutándose en http://localhost:3000
2024-11-05 22:37:34 info:  Servidor ejecutándose en http://localhost:3000
2024-11-05 22:41:34 info:  Servidor ejecutándose en http://localhost:3000
2024-11-05 22:46:07 info:  Servidor ejecutándose en http://localhost:3000
2024-11-05 22:53:57 info:  Servidor ejecutándose en http://localhost:3000
2024-11-05 22:58:04 info:  Servidor ejecutándose en http://localhost:3000
2024-11-05 23:00:53 info:  Servidor ejecutándose en http://localhost:3000
2024-11-05 23:02:06 info:  Servidor ejecutándose en http://localhost:3000
2024-11-05 23:03:33 info:  Servidor ejecutándose en http://localhost:3000
2024-11-05 23:07:06 info:  Servidor ejecutándose en http://localhost:3000
2024-11-05 23:08:25 info:  Servidor ejecutándose en http://localhost:3000
2024-11-05 23:08:27 info:  Servidor ejecutándose en http://localhost:3000
2024-11-05 23:11:52 info:  Servidor ejecutándose en http://localhost:3000
2024-11-05 23:12:33 info:  Servidor ejecutándose en http://localhost:3000
2024-11-05 23:16:10 info:  Servidor ejecutándose en http://localhost:3000
