
2024-11-05 21:51:47 error:     Probando mensaje de rror
2024-11-05 21:52:31 error:  Probando mensaje de rror
2024-11-06 11:55:34 error:  Error fetching users: User :"pedro@gmail.com" is already registered
2024-11-06 11:59:00 error:  Error: User :"pedro@gmail.com" is already registered
2024-11-06 12:37:25 error:  Error: TypeError: userService.getById is not a function
2024-11-06 12:38:12 error:  Error: User not found
2024-11-06 12:41:38 error:  Error: User not found
2024-11-06 12:42:57 error:  Error: TypeError: db.User is not a constructor
2024-11-06 12:58:21 error:  Error: SequelizeUniqueConstraintError: Validation error
2024-11-06 13:12:57 error:  Error: User not found
2024-11-06 13:15:09 error:  Error: User not found
2024-11-06 20:53:06 error:  Error: Error: WHERE parameter "username" has invalid "undefined" value
2024-11-06 21:06:20 error:  Error: Error: WHERE parameter "username" has invalid "undefined" value
2024-11-06 21:07:35 error:  Error: User :"" not found
2024-11-06 21:09:10 error:  Error: User :"" not found
2024-11-06 21:12:31 error:  Error: User :"" not found
2024-11-06 21:22:26 error:  Error: The parameters are empty or null
2024-11-06 21:22:40 error:  Error: The parameters are empty or null
2024-11-06 21:22:47 error:  Error: The parameters are empty or null
2024-11-06 21:22:55 error:  Error: The parameters are empty or null
2024-11-06 21:23:21 error:  Error: The parameters are empty or null
2024-11-06 21:25:31 error:  Error: The parameters are empty or null
2024-11-06 21:26:22 error:  Error: The parameters are empty or null
2024-11-06 21:27:26 error:  Error: The parameters are empty or null
2024-11-06 21:29:46 error:  Error: The parameters are empty or null
2024-11-06 21:32:55 error:  Error: The parameters are empty or null
2024-11-06 21:33:27 error:  Error: The parameters are empty or null
2024-11-06 21:51:13 error:  Error: The parameters are empty or null
2024-11-06 21:52:09 error:  Error: User :"Jose@gmail.com" not found
2024-11-07 15:25:22 error:  Error: User :"Jose@gmail.com" not found
2024-11-07 15:27:18 error:  Error: Invalid password
2024-11-07 15:27:52 error:  Error: Invalid password
2024-11-07 15:28:52 error:  Error: Invalid password
2024-11-07 15:30:01 error:  Error: Invalid password
2024-11-07 15:32:38 error:  Error: Invalid password
2024-11-07 21:33:26 error:  Error: User not found
